Apr 03, 2025 5:36:02 PM liquibase.changelog
INFO: Reading resource: db/changelog/migrations/db.changelog-202502041906.sql
Apr 03, 2025 5:36:02 PM liquibase.changelog
INFO: Reading resource: db/changelog/migrations/db.changelog-202503311533.sql
Apr 03, 2025 5:36:02 PM liquibase.changelog
INFO: Reading resource: db/changelog/migrations/db.changelog-202503311553.sql
Apr 03, 2025 5:36:02 PM liquibase.changelog
INFO: Reading resource: db/changelog/migrations/db.changelog-202503311559.sql
Apr 03, 2025 5:36:02 PM liquibase.changelog
INFO: Reading resource: db/changelog/migrations/db.changelog-202503311603.sql
Apr 03, 2025 5:36:02 PM liquibase.changelog
INFO: Reading from board.DATABASECHANGELOG
Database is up to date, no changesets to execute
Apr 03, 2025 5:36:02 PM liquibase.changelog
INFO: Reading from board.DATABASECHANGELOG

UPDATE SUMMARY
Run:                          0
Previously run:               5
Filtered out:                 0
-------------------------------
Total change sets:            5

Apr 03, 2025 5:36:02 PM liquibase.util
INFO: UPDATE SUMMARY
Apr 03, 2025 5:36:02 PM liquibase.util
INFO: Run:                          0
Apr 03, 2025 5:36:02 PM liquibase.util
INFO: Previously run:               5
Apr 03, 2025 5:36:02 PM liquibase.util
INFO: Filtered out:                 0
Apr 03, 2025 5:36:02 PM liquibase.util
INFO: -------------------------------
Apr 03, 2025 5:36:02 PM liquibase.util
INFO: Total change sets:            5
Apr 03, 2025 5:36:02 PM liquibase.util
INFO: Update summary generated
Apr 03, 2025 5:36:02 PM liquibase.lockservice
INFO: Successfully released change log lock
Apr 03, 2025 5:36:02 PM liquibase.command
INFO: Command execution complete
